[0.005s] Invoking command in '/home/akhilsankar/workspace/f110/labs/lab2/aeb_ws/build/aeb': CMAKE_PREFIX_PATH=${CMAKE_PREFIX_PATH}:/opt/ros/humble /usr/bin/cmake /home/akhilsankar/workspace/f110/labs/lab2/aeb_ws/src/aeb -DAMENT_CMAKE_SYMLINK_INSTALL=1 -DCMAKE_INSTALL_PREFIX=/home/akhilsankar/workspace/f110/labs/lab2/aeb_ws/install/aeb
[0.034s] -- The C compiler identification is GNU 11.4.0
[0.067s] -- The CXX compiler identification is GNU 11.4.0
[0.071s] -- Detecting C compiler ABI info
[0.105s] -- Detecting C compiler ABI info - done
[0.109s] -- Check for working C compiler: /usr/bin/cc - skipped
[0.109s] -- Detecting C compile features
[0.110s] -- Detecting C compile features - done
[0.112s] -- Detecting CXX compiler ABI info
[0.152s] -- Detecting CXX compiler ABI info - done
[0.157s] -- Check for working CXX compiler: /usr/bin/c++ - skipped
[0.157s] -- Detecting CXX compile features
[0.157s] -- Detecting CXX compile features - done
[0.159s] -- Found ament_cmake: 1.3.11 (/opt/ros/humble/share/ament_cmake/cmake)
[0.236s] -- Found Python3: /usr/bin/python3 (found version "3.10.12") found components: Interpreter 
[0.271s] -- Override CMake install command with custom implementation using symlinks instead of copying resources
[0.285s] -- Found rclcpp: 16.0.11 (/opt/ros/humble/share/rclcpp/cmake)
[0.310s] -- Found rosidl_generator_c: 3.1.6 (/opt/ros/humble/share/rosidl_generator_c/cmake)
[0.313s] -- Found rosidl_adapter: 3.1.6 (/opt/ros/humble/share/rosidl_adapter/cmake)
[0.318s] -- Found rosidl_generator_cpp: 3.1.6 (/opt/ros/humble/share/rosidl_generator_cpp/cmake)
[0.325s] -- Using all available rosidl_typesupport_c: rosidl_typesupport_fastrtps_c;rosidl_typesupport_introspection_c
[0.335s] -- Using all available rosidl_typesupport_cpp: rosidl_typesupport_fastrtps_cpp;rosidl_typesupport_introspection_cpp
[0.363s] -- Found rmw_implementation_cmake: 6.1.2 (/opt/ros/humble/share/rmw_implementation_cmake/cmake)
[0.365s] -- Found rmw_fastrtps_cpp: 6.2.7 (/opt/ros/humble/share/rmw_fastrtps_cpp/cmake)
[0.408s] -- Found OpenSSL: /usr/lib/aarch64-linux-gnu/libcrypto.so (found version "3.0.2")  
[0.426s] -- Found FastRTPS: /opt/ros/humble/include  
[0.454s] -- Using RMW implementation 'rmw_fastrtps_cpp' as default
[0.459s] -- Looking for pthread.h
[0.494s] -- Looking for pthread.h - found
[0.494s] -- Performing Test CMAKE_HAVE_LIBC_PTHREAD
[0.530s] -- Performing Test CMAKE_HAVE_LIBC_PTHREAD - Success
[0.530s] -- Found Threads: TRUE  
[0.565s] -- Found sensor_msgs: 4.2.4 (/opt/ros/humble/share/sensor_msgs/cmake)
[0.587s] -- Found nav_msgs: 4.2.4 (/opt/ros/humble/share/nav_msgs/cmake)
[0.599s] -- Found ackermann_msgs: 2.0.2 (/opt/ros/humble/share/ackermann_msgs/cmake)
[0.643s] -- Configuring done
[0.650s] -- Generating done
[0.652s] -- Build files have been written to: /home/akhilsankar/workspace/f110/labs/lab2/aeb_ws/build/aeb
[0.658s] Invoked command in '/home/akhilsankar/workspace/f110/labs/lab2/aeb_ws/build/aeb' returned '0': CMAKE_PREFIX_PATH=${CMAKE_PREFIX_PATH}:/opt/ros/humble /usr/bin/cmake /home/akhilsankar/workspace/f110/labs/lab2/aeb_ws/src/aeb -DAMENT_CMAKE_SYMLINK_INSTALL=1 -DCMAKE_INSTALL_PREFIX=/home/akhilsankar/workspace/f110/labs/lab2/aeb_ws/install/aeb
[0.659s] Invoking command in '/home/akhilsankar/workspace/f110/labs/lab2/aeb_ws/build/aeb': CMAKE_PREFIX_PATH=${CMAKE_PREFIX_PATH}:/opt/ros/humble /usr/bin/cmake --build /home/akhilsankar/workspace/f110/labs/lab2/aeb_ws/build/aeb -- -j6 -l6
[0.683s] [ 50%] [32mBuilding CXX object CMakeFiles/safety_node.dir/src/safety_node.cpp.o[0m
[1.298s] In file included from [01m[K/usr/include/eigen3/Eigen/Core:214[m[K,
[1.298s]                  from [01m[K/usr/include/eigen3/Eigen/Dense:1[m[K,
[1.299s]                  from [01m[K/home/akhilsankar/workspace/f110/labs/lab2/aeb_ws/src/aeb/include/aeb/safety_node.hpp:5[m[K,
[1.299s]                  from [01m[K/home/akhilsankar/workspace/f110/labs/lab2/aeb_ws/src/aeb/src/safety_node.cpp:1[m[K:
[1.299s] [01m[K/usr/include/eigen3/Eigen/src/Core/arch/NEON/PacketMath.h:[m[K In function â€˜[01m[KPacket Eigen::internal::pload(const typename Eigen::internal::unpacket_traits<T>::type*) [with Packet = Eigen::internal::eigen_packet_wrapper<int, 2>; typename Eigen::internal::unpacket_traits<T>::type = signed char][m[Kâ€™:
[1.299s] [01m[K/usr/include/eigen3/Eigen/src/Core/arch/NEON/PacketMath.h:1671:9:[m[K [01;35m[Kwarning: [m[Kâ€˜[01m[Kvoid* memcpy(void*, const void*, size_t)[m[Kâ€™ copying an object of non-trivial type â€˜[01m[KEigen::internal::Packet4c[m[Kâ€™ {aka â€˜[01m[Kstruct Eigen::internal::eigen_packet_wrapper<int, 2>[m[Kâ€™} from an array of â€˜[01m[Kconst int8_t[m[Kâ€™ {aka â€˜[01m[Kconst signed char[m[Kâ€™} [[01;35m[K]8;;https://gcc.gnu.org/onlinedocs/gcc/Warning-Options.html#index-Wclass-memaccess-Wclass-memaccess]8;;[m[K]
[1.299s]  1671 |   [01;35m[Kmemcpy(&res, from, sizeof(Packet4c))[m[K;
[1.299s]       |   [01;35m[K~~~~~~^~~~~~~~~~~~~~~~~~~~~~~~~~~~~~[m[K
[1.299s] In file included from [01m[K/usr/include/eigen3/Eigen/Core:172[m[K,
[1.299s]                  from [01m[K/usr/include/eigen3/Eigen/Dense:1[m[K,
[1.299s]                  from [01m[K/home/akhilsankar/workspace/f110/labs/lab2/aeb_ws/src/aeb/include/aeb/safety_node.hpp:5[m[K,
[1.299s]                  from [01m[K/home/akhilsankar/workspace/f110/labs/lab2/aeb_ws/src/aeb/src/safety_node.cpp:1[m[K:
[1.299s] [01m[K/usr/include/eigen3/Eigen/src/Core/GenericPacketMath.h:159:8:[m[K [01;36m[Knote: [m[Kâ€˜[01m[KEigen::internal::Packet4c[m[Kâ€™ {aka â€˜[01m[Kstruct Eigen::internal::eigen_packet_wrapper<int, 2>[m[Kâ€™} declared here
[1.299s]   159 | struct [01;36m[Keigen_packet_wrapper[m[K
[1.299s]       |        [01;36m[K^~~~~~~~~~~~~~~~~~~~[m[K
[1.299s] In file included from [01m[K/usr/include/eigen3/Eigen/Core:214[m[K,
[1.299s]                  from [01m[K/usr/include/eigen3/Eigen/Dense:1[m[K,
[1.299s]                  from [01m[K/home/akhilsankar/workspace/f110/labs/lab2/aeb_ws/src/aeb/include/aeb/safety_node.hpp:5[m[K,
[1.299s]                  from [01m[K/home/akhilsankar/workspace/f110/labs/lab2/aeb_ws/src/aeb/src/safety_node.cpp:1[m[K:
[1.299s] [01m[K/usr/include/eigen3/Eigen/src/Core/arch/NEON/PacketMath.h:[m[K In function â€˜[01m[KPacket Eigen::internal::ploadu(const typename Eigen::internal::unpacket_traits<T>::type*) [with Packet = Eigen::internal::eigen_packet_wrapper<int, 2>; typename Eigen::internal::unpacket_traits<T>::type = signed char][m[Kâ€™:
[1.299s] [01m[K/usr/include/eigen3/Eigen/src/Core/arch/NEON/PacketMath.h:1716:9:[m[K [01;35m[Kwarning: [m[Kâ€˜[01m[Kvoid* memcpy(void*, const void*, size_t)[m[Kâ€™ copying an object of non-trivial type â€˜[01m[KEigen::internal::Packet4c[m[Kâ€™ {aka â€˜[01m[Kstruct Eigen::internal::eigen_packet_wrapper<int, 2>[m[Kâ€™} from an array of â€˜[01m[Kconst int8_t[m[Kâ€™ {aka â€˜[01m[Kconst signed char[m[Kâ€™} [[01;35m[K]8;;https://gcc.gnu.org/onlinedocs/gcc/Warning-Options.html#index-Wclass-memaccess-Wclass-memaccess]8;;[m[K]
[1.299s]  1716 |   [01;35m[Kmemcpy(&res, from, sizeof(Packet4c))[m[K;
[1.299s]       |   [01;35m[K~~~~~~^~~~~~~~~~~~~~~~~~~~~~~~~~~~~~[m[K
[1.299s] In file included from [01m[K/usr/include/eigen3/Eigen/Core:172[m[K,
[1.299s]                  from [01m[K/usr/include/eigen3/Eigen/Dense:1[m[K,
[1.299s]                  from [01m[K/home/akhilsankar/workspace/f110/labs/lab2/aeb_ws/src/aeb/include/aeb/safety_node.hpp:5[m[K,
[1.299s]                  from [01m[K/home/akhilsankar/workspace/f110/labs/lab2/aeb_ws/src/aeb/src/safety_node.cpp:1[m[K:
[1.299s] [01m[K/usr/include/eigen3/Eigen/src/Core/GenericPacketMath.h:159:8:[m[K [01;36m[Knote: [m[Kâ€˜[01m[KEigen::internal::Packet4c[m[Kâ€™ {aka â€˜[01m[Kstruct Eigen::internal::eigen_packet_wrapper<int, 2>[m[Kâ€™} declared here
[1.299s]   159 | struct [01;36m[Keigen_packet_wrapper[m[K
[1.299s]       |        [01;36m[K^~~~~~~~~~~~~~~~~~~~[m[K
[2.698s] In file included from [01m[K/home/akhilsankar/workspace/f110/labs/lab2/aeb_ws/src/aeb/src/safety_node.cpp:1[m[K:
[2.699s] [01m[K/home/akhilsankar/workspace/f110/labs/lab2/aeb_ws/src/aeb/include/aeb/safety_node.hpp:[m[K At global scope:
[2.699s] [01m[K/home/akhilsankar/workspace/f110/labs/lab2/aeb_ws/src/aeb/include/aeb/safety_node.hpp:28:22:[m[K [01;31m[Kerror: [m[Kexpected â€˜[01m[K;[m[Kâ€™ at end of member declaration
[2.699s]    28 |         const size_t [01;31m[KBEAM_COUNT[m[K 1080;
[2.699s]       |                      [01;31m[K^~~~~~~~~~[m[K
[2.699s]       |                                [32m[K;[m[K
[2.699s] [01m[K/home/akhilsankar/workspace/f110/labs/lab2/aeb_ws/src/aeb/include/aeb/safety_node.hpp:28:33:[m[K [01;31m[Kerror: [m[Kexpected unqualified-id before numeric constant
[2.699s]    28 |         const size_t BEAM_COUNT [01;31m[K1080[m[K;
[2.699s]       |                                 [01;31m[K^~~~[m[K
[2.699s] [01m[K/home/akhilsankar/workspace/f110/labs/lab2/aeb_ws/src/aeb/include/aeb/safety_node.hpp:31:31:[m[K [01;31m[Kerror: [m[Kinvalid use of non-static data member â€˜[01m[Kaeb::SafetyNode::BEAM_COUNT[m[Kâ€™
[2.699s]    31 |         Eigen::Vector<double, [01;31m[KBEAM_COUNT[m[K> projected_range_rates_;
[2.699s]       |                               [01;31m[K^~~~~~~~~~[m[K
[2.699s] [01m[K/home/akhilsankar/workspace/f110/labs/lab2/aeb_ws/src/aeb/include/aeb/safety_node.hpp:28:22:[m[K [01;36m[Knote: [m[Kdeclared here
[2.699s]    28 |         const size_t [01;36m[KBEAM_COUNT[m[K 1080;
[2.699s]       |                      [01;36m[K^~~~~~~~~~[m[K
[2.699s] [01m[K/home/akhilsankar/workspace/f110/labs/lab2/aeb_ws/src/aeb/include/aeb/safety_node.hpp:31:41:[m[K [01;31m[Kerror: [m[Ktemplate argument 2 is invalid
[2.699s]    31 |         Eigen::Vector<double, BEAM_COUNT[01;31m[K>[m[K projected_range_rates_;
[2.699s]       |                                         [01;31m[K^[m[K
[2.699s] [01m[K/home/akhilsankar/workspace/f110/labs/lab2/aeb_ws/src/aeb/src/safety_node.cpp:[m[K In constructor â€˜[01m[Kaeb::SafetyNode::SafetyNode()[m[Kâ€™:
[2.699s] [01m[K/home/akhilsankar/workspace/f110/labs/lab2/aeb_ws/src/aeb/src/safety_node.cpp:6:9:[m[K [01;31m[Kerror: [m[Kuninitialized const member in â€˜[01m[Kconst size_t[m[Kâ€™ {aka â€˜[01m[Kconst long unsigned int[m[Kâ€™} [[01;31m[K]8;;https://gcc.gnu.org/onlinedocs/gcc/Warning-Options.html#index-fpermissive-fpermissive]8;;[m[K]
[2.699s]     6 |         [01;31m[KSafetyNode[m[K::SafetyNode() : rclcpp::Node("aeb_safety_node") {
[2.699s]       |         [01;31m[K^~~~~~~~~~[m[K
[2.699s] In file included from [01m[K/home/akhilsankar/workspace/f110/labs/lab2/aeb_ws/src/aeb/src/safety_node.cpp:1[m[K:
[2.699s] [01m[K/home/akhilsankar/workspace/f110/labs/lab2/aeb_ws/src/aeb/include/aeb/safety_node.hpp:28:22:[m[K [01;36m[Knote: [m[Kâ€˜[01m[Kconst size_t aeb::SafetyNode::BEAM_COUNT[m[Kâ€™ should be initialized
[2.699s]    28 |         const size_t [01;36m[KBEAM_COUNT[m[K 1080;
[2.699s]       |                      [01;36m[K^~~~~~~~~~[m[K
[2.706s] [01m[K/home/akhilsankar/workspace/f110/labs/lab2/aeb_ws/src/aeb/src/safety_node.cpp:[m[K In member function â€˜[01m[Kvoid aeb::SafetyNode::ingest_scan(sensor_msgs::msg::LaserScan_<std::allocator<void> >::SharedPtr)[m[Kâ€™:
[2.706s] [01m[K/home/akhilsankar/workspace/f110/labs/lab2/aeb_ws/src/aeb/src/safety_node.cpp:24:40:[m[K [01;31m[Kerror: [m[Krequest for member â€˜[01m[Kclear[m[Kâ€™ in â€˜[01m[K((aeb::SafetyNode*)this)->aeb::SafetyNode::projected_range_rates_[m[Kâ€™, which is of non-class type â€˜[01m[Kint[m[Kâ€™
[2.706s]    24 |                 projected_range_rates_.[01;31m[Kclear[m[K();
[2.706s]       |                                        [01;31m[K^~~~~[m[K
[2.706s] [01m[K/home/akhilsankar/workspace/f110/labs/lab2/aeb_ws/src/aeb/src/safety_node.cpp:25:40:[m[K [01;31m[Kerror: [m[Krequest for member â€˜[01m[Kresize[m[Kâ€™ in â€˜[01m[K((aeb::SafetyNode*)this)->aeb::SafetyNode::projected_range_rates_[m[Kâ€™, which is of non-class type â€˜[01m[Kint[m[Kâ€™
[2.706s]    25 |                 projected_range_rates_.[01;31m[Kresize[m[K(msg->ranges.size());
[2.706s]       |                                        [01;31m[K^~~~~~[m[K
[2.706s] [01m[K/home/akhilsankar/workspace/f110/labs/lab2/aeb_ws/src/aeb/src/safety_node.cpp:32:47:[m[K [01;31m[Kerror: [m[Kinvalid types â€˜[01m[Kint[size_t {aka long unsigned int}][m[Kâ€™ for array subscript
[2.706s]    32 |                         projected_range_rates_[01;31m[K[[m[Ki] = range_rate;
[2.706s]       |                                               [01;31m[K^[m[K
[2.707s] [01m[K/home/akhilsankar/workspace/f110/labs/lab2/aeb_ws/src/aeb/src/safety_node.cpp:[m[K In member function â€˜[01m[Kvoid aeb::SafetyNode::ingest_odom(nav_msgs::msg::Odometry_<std::allocator<void> >::SharedPtr)[m[Kâ€™:
[2.708s] [01m[K/home/akhilsankar/workspace/f110/labs/lab2/aeb_ws/src/aeb/src/safety_node.cpp:41:24:[m[K [01;35m[Kwarning: [m[Kunused variable â€˜[01m[Kheading_[m[Kâ€™ [[01;35m[K]8;;https://gcc.gnu.org/onlinedocs/gcc/Warning-Options.html#index-Wunused-variable-Wunused-variable]8;;[m[K]
[2.708s]    41 |                 double [01;35m[Kheading_[m[K = convert_to_yaw(msg);
[2.708s]       |                        [01;35m[K^~~~~~~~[m[K
[4.730s] gmake[2]: *** [CMakeFiles/safety_node.dir/build.make:76: CMakeFiles/safety_node.dir/src/safety_node.cpp.o] Error 1
[4.731s] gmake[1]: *** [CMakeFiles/Makefile2:137: CMakeFiles/safety_node.dir/all] Error 2
[4.731s] gmake: *** [Makefile:146: all] Error 2
[4.733s] Invoked command in '/home/akhilsankar/workspace/f110/labs/lab2/aeb_ws/build/aeb' returned '2': CMAKE_PREFIX_PATH=${CMAKE_PREFIX_PATH}:/opt/ros/humble /usr/bin/cmake --build /home/akhilsankar/workspace/f110/labs/lab2/aeb_ws/build/aeb -- -j6 -l6
