[0.007s] Invoking command in '/home/akhilsankar/workspace/f110/labs/lab2/aeb_ws/build/aeb': CMAKE_PREFIX_PATH=${CMAKE_PREFIX_PATH}:/opt/ros/humble /usr/bin/cmake --build /home/akhilsankar/workspace/f110/labs/lab2/aeb_ws/build/aeb -- -j6 -l6
[0.030s] [35m[1mConsolidate compiler generated dependencies of target safety_node[0m
[0.041s] [ 50%] [32mBuilding CXX object CMakeFiles/safety_node.dir/src/safety_node.cpp.o[0m
[1.318s] [01m[K/home/akhilsankar/workspace/f110/labs/lab2/aeb_ws/src/aeb/src/safety_node.cpp:[m[K In constructor â€˜[01m[Kaeb::SafetyNode::SafetyNode()[m[Kâ€™:
[1.318s] [01m[K/home/akhilsankar/workspace/f110/labs/lab2/aeb_ws/src/aeb/src/safety_node.cpp:12:17:[m[K [01;31m[Kerror: [m[Kâ€˜[01m[Kodom_subscription_[m[Kâ€™ was not declared in this scope; did you mean â€˜[01m[Kscan_subscription_[m[Kâ€™?
[1.318s]    12 |                 [01;31m[Kodom_subscription_[m[K = this->create_subscription<nav_msgs::msg::Odometry>(
[1.318s]       |                 [01;31m[K^~~~~~~~~~~~~~~~~~[m[K
[1.318s]       |                 [32m[Kscan_subscription_[m[K
[1.322s] [01m[K/home/akhilsankar/workspace/f110/labs/lab2/aeb_ws/src/aeb/src/safety_node.cpp:12:64:[m[K [01;31m[Kerror: [m[Kâ€˜[01m[Knav_msgs[m[Kâ€™ was not declared in this scope
[1.322s]    12 |                 odom_subscription_ = this->create_subscription<[01;31m[Knav_msgs[m[K::msg::Odometry>(
[1.322s]       |                                                                [01;31m[K^~~~~~~~[m[K
[1.322s] [01m[K/home/akhilsankar/workspace/f110/labs/lab2/aeb_ws/src/aeb/src/safety_node.cpp:12:44:[m[K [01;31m[Kerror: [m[Kparse error in template argument list
[1.322s]    12 |                 odom_subscription_ = this->[01;31m[Kcreate_subscription<nav_msgs::msg::Odometry>[m[K(
[1.323s]       |                                            [01;31m[K^~~~~~~~~~~~~~~~~~~~~~~~~~~~~~~~~~~~~~~~~~~~[m[K
[1.323s] [01m[K/home/akhilsankar/workspace/f110/labs/lab2/aeb_ws/src/aeb/src/safety_node.cpp:14:48:[m[K [01;31m[Kerror: [m[Kâ€˜[01m[Kingest_odom[m[Kâ€™ is not a member of â€˜[01m[Kaeb::SafetyNode[m[Kâ€™
[1.323s]    14 |                         std::bind(&SafetyNode::[01;31m[Kingest_odom[m[K, this, _1)
[1.323s]       |                                                [01;31m[K^~~~~~~~~~~[m[K
[1.326s] [01m[K/home/akhilsankar/workspace/f110/labs/lab2/aeb_ws/src/aeb/src/safety_node.cpp:[m[K At global scope:
[1.326s] [01m[K/home/akhilsankar/workspace/f110/labs/lab2/aeb_ws/src/aeb/src/safety_node.cpp:22:44:[m[K [01;31m[Kerror: [m[Kâ€˜[01m[Knav_msgs[m[Kâ€™ does not name a type
[1.326s]    22 |         void SafetyNode::ingest_odom(const [01;31m[Knav_msgs[m[K::msg::Odometry::SharedPtr msg) {
[1.326s]       |                                            [01;31m[K^~~~~~~~[m[K
[1.326s] [01m[K/home/akhilsankar/workspace/f110/labs/lab2/aeb_ws/src/aeb/src/safety_node.cpp:22:57:[m[K [01;31m[Kerror: [m[Kexpected unqualified-id before â€˜[01m[K::[m[Kâ€™ token
[1.326s]    22 |         void SafetyNode::ingest_odom(const nav_msgs::msg[01;31m[K::[m[KOdometry::SharedPtr msg) {
[1.326s]       |                                                         [01;31m[K^~[m[K
[1.326s] [01m[K/home/akhilsankar/workspace/f110/labs/lab2/aeb_ws/src/aeb/src/safety_node.cpp:22:57:[m[K [01;31m[Kerror: [m[Kexpected â€˜[01m[K)[m[Kâ€™ before â€˜[01m[K::[m[Kâ€™ token
[1.326s]    22 |         void SafetyNode::ingest_odom[34m[K([m[Kconst nav_msgs::msg[01;31m[K:[m[K[32m[K:[m[KOdometry::SharedPtr msg) {
[1.326s]       |                                     [34m[K~[m[K                   [01;31m[K^[m[K[32m[K~[m[K
[1.326s]       |                                                         [32m[K)[m[K
[1.326s] [01m[K/home/akhilsankar/workspace/f110/labs/lab2/aeb_ws/src/aeb/src/safety_node.cpp:22:57:[m[K [01;31m[Kerror: [m[Kexpected initializer before â€˜[01m[K::[m[Kâ€™ token
[1.326s]    22 |         void SafetyNode::ingest_odom(const nav_msgs::msg[01;31m[K::[m[KOdometry::SharedPtr msg) {
[1.326s]       |                                                         [01;31m[K^~[m[K
[2.772s] gmake[2]: *** [CMakeFiles/safety_node.dir/build.make:76: CMakeFiles/safety_node.dir/src/safety_node.cpp.o] Error 1
[2.772s] gmake[1]: *** [CMakeFiles/Makefile2:137: CMakeFiles/safety_node.dir/all] Error 2
[2.772s] gmake: *** [Makefile:146: all] Error 2
[2.774s] Invoked command in '/home/akhilsankar/workspace/f110/labs/lab2/aeb_ws/build/aeb' returned '2': CMAKE_PREFIX_PATH=${CMAKE_PREFIX_PATH}:/opt/ros/humble /usr/bin/cmake --build /home/akhilsankar/workspace/f110/labs/lab2/aeb_ws/build/aeb -- -j6 -l6
