[01m[K/home/akhilsankar/workspace/f110/labs/lab2/aeb_ws/src/aeb/src/safety_node.cpp:1:1:[m[K [01;31m[Kerror: [m[Kâ€˜[01m[Kinclude[m[Kâ€™ does not name a type
    1 | [01;31m[Kinclude[m[K "aeb/safety_node.hpp"
      | [01;31m[K^~~~~~~[m[K
[01m[K/home/akhilsankar/workspace/f110/labs/lab2/aeb_ws/src/aeb/src/safety_node.cpp:6:9:[m[K [01;31m[Kerror: [m[Kâ€˜[01m[KSafetyNode[m[Kâ€™ does not name a type
    6 |         [01;31m[KSafetyNode[m[K::SafetyNode() : rclcpp::Node("aeb_safety_node") {
      |         [01;31m[K^~~~~~~~~~[m[K
[01m[K/home/akhilsankar/workspace/f110/labs/lab2/aeb_ws/src/aeb/src/safety_node.cpp:20:14:[m[K [01;31m[Kerror: [m[Kâ€˜[01m[KSafetyNode[m[Kâ€™ has not been declared
   20 |         void [01;31m[KSafetyNode[m[K::ingest_scan(const sensor_msgs::msg::LaserScan::SharedPtr msg) {
      |              [01;31m[K^~~~~~~~~~[m[K
[01m[K/home/akhilsankar/workspace/f110/labs/lab2/aeb_ws/src/aeb/src/safety_node.cpp:20:44:[m[K [01;31m[Kerror: [m[Kâ€˜[01m[Ksensor_msgs[m[Kâ€™ does not name a type
   20 |         void SafetyNode::ingest_scan(const [01;31m[Ksensor_msgs[m[K::msg::LaserScan::SharedPtr msg) {
      |                                            [01;31m[K^~~~~~~~~~~[m[K
[01m[K/home/akhilsankar/workspace/f110/labs/lab2/aeb_ws/src/aeb/src/safety_node.cpp:20:60:[m[K [01;31m[Kerror: [m[Kexpected unqualified-id before â€˜[01m[K::[m[Kâ€™ token
   20 |         void SafetyNode::ingest_scan(const sensor_msgs::msg[01;31m[K::[m[KLaserScan::SharedPtr msg) {
      |                                                            [01;31m[K^~[m[K
[01m[K/home/akhilsankar/workspace/f110/labs/lab2/aeb_ws/src/aeb/src/safety_node.cpp:20:60:[m[K [01;31m[Kerror: [m[Kexpected â€˜[01m[K)[m[Kâ€™ before â€˜[01m[K::[m[Kâ€™ token
   20 |         void SafetyNode::ingest_scan[34m[K([m[Kconst sensor_msgs::msg[01;31m[K:[m[K[32m[K:[m[KLaserScan::SharedPtr msg) {
      |                                     [34m[K~[m[K                      [01;31m[K^[m[K[32m[K~[m[K
      |                                                            [32m[K)[m[K
[01m[K/home/akhilsankar/workspace/f110/labs/lab2/aeb_ws/src/aeb/src/safety_node.cpp:20:60:[m[K [01;31m[Kerror: [m[Kexpected initializer before â€˜[01m[K::[m[Kâ€™ token
   20 |         void SafetyNode::ingest_scan(const sensor_msgs::msg[01;31m[K::[m[KLaserScan::SharedPtr msg) {
      |                                                            [01;31m[K^~[m[K
[01m[K/home/akhilsankar/workspace/f110/labs/lab2/aeb_ws/src/aeb/src/safety_node.cpp:39:14:[m[K [01;31m[Kerror: [m[Kâ€˜[01m[KSafetyNode[m[Kâ€™ has not been declared
   39 |         void [01;31m[KSafetyNode[m[K::ingest_odom(const nav_msgs::msg::Odometry::SharedPtr msg) {
      |              [01;31m[K^~~~~~~~~~[m[K
[01m[K/home/akhilsankar/workspace/f110/labs/lab2/aeb_ws/src/aeb/src/safety_node.cpp:39:44:[m[K [01;31m[Kerror: [m[Kâ€˜[01m[Knav_msgs[m[Kâ€™ does not name a type
   39 |         void SafetyNode::ingest_odom(const [01;31m[Knav_msgs[m[K::msg::Odometry::SharedPtr msg) {
      |                                            [01;31m[K^~~~~~~~[m[K
[01m[K/home/akhilsankar/workspace/f110/labs/lab2/aeb_ws/src/aeb/src/safety_node.cpp:39:57:[m[K [01;31m[Kerror: [m[Kexpected unqualified-id before â€˜[01m[K::[m[Kâ€™ token
   39 |         void SafetyNode::ingest_odom(const nav_msgs::msg[01;31m[K::[m[KOdometry::SharedPtr msg) {
      |                                                         [01;31m[K^~[m[K
[01m[K/home/akhilsankar/workspace/f110/labs/lab2/aeb_ws/src/aeb/src/safety_node.cpp:39:57:[m[K [01;31m[Kerror: [m[Kexpected â€˜[01m[K)[m[Kâ€™ before â€˜[01m[K::[m[Kâ€™ token
   39 |         void SafetyNode::ingest_odom[34m[K([m[Kconst nav_msgs::msg[01;31m[K:[m[K[32m[K:[m[KOdometry::SharedPtr msg) {
      |                                     [34m[K~[m[K                   [01;31m[K^[m[K[32m[K~[m[K
      |                                                         [32m[K)[m[K
[01m[K/home/akhilsankar/workspace/f110/labs/lab2/aeb_ws/src/aeb/src/safety_node.cpp:39:57:[m[K [01;31m[Kerror: [m[Kexpected initializer before â€˜[01m[K::[m[Kâ€™ token
   39 |         void SafetyNode::ingest_odom(const nav_msgs::msg[01;31m[K::[m[KOdometry::SharedPtr msg) {
      |                                                         [01;31m[K^~[m[K
[01m[K/home/akhilsankar/workspace/f110/labs/lab2/aeb_ws/src/aeb/src/safety_node.cpp:46:37:[m[K [01;31m[Kerror: [m[Kâ€˜[01m[Knav_msgs[m[Kâ€™ does not name a type
   46 |         double convert_to_yaw(const [01;31m[Knav_msgs[m[K::msg::Odometry::SharedPtr msg) {
      |                                     [01;31m[K^~~~~~~~[m[K
[01m[K/home/akhilsankar/workspace/f110/labs/lab2/aeb_ws/src/aeb/src/safety_node.cpp:46:50:[m[K [01;31m[Kerror: [m[Kexpected unqualified-id before â€˜[01m[K::[m[Kâ€™ token
   46 |         double convert_to_yaw(const nav_msgs::msg[01;31m[K::[m[KOdometry::SharedPtr msg) {
      |                                                  [01;31m[K^~[m[K
[01m[K/home/akhilsankar/workspace/f110/labs/lab2/aeb_ws/src/aeb/src/safety_node.cpp:46:50:[m[K [01;31m[Kerror: [m[Kexpected â€˜[01m[K)[m[Kâ€™ before â€˜[01m[K::[m[Kâ€™ token
   46 |         double convert_to_yaw[34m[K([m[Kconst nav_msgs::msg[01;31m[K:[m[K[32m[K:[m[KOdometry::SharedPtr msg) {
      |                              [34m[K~[m[K                   [01;31m[K^[m[K[32m[K~[m[K
      |                                                  [32m[K)[m[K
[01m[K/home/akhilsankar/workspace/f110/labs/lab2/aeb_ws/src/aeb/src/safety_node.cpp:46:50:[m[K [01;31m[Kerror: [m[Kexpected initializer before â€˜[01m[K::[m[Kâ€™ token
   46 |         double convert_to_yaw(const nav_msgs::msg[01;31m[K::[m[KOdometry::SharedPtr msg) {
      |                                                  [01;31m[K^~[m[K
[01m[K/home/akhilsankar/workspace/f110/labs/lab2/aeb_ws/src/aeb/src/safety_node.cpp:69:14:[m[K [01;31m[Kerror: [m[Kâ€˜[01m[KSafetyNode[m[Kâ€™ has not been declared
   69 |         void [01;31m[KSafetyNode[m[K::brake() {
      |              [01;31m[K^~~~~~~~~~[m[K
[01m[K/home/akhilsankar/workspace/f110/labs/lab2/aeb_ws/src/aeb/src/safety_node.cpp:[m[K In function â€˜[01m[Kvoid aeb::brake()[m[Kâ€™:
[01m[K/home/akhilsankar/workspace/f110/labs/lab2/aeb_ws/src/aeb/src/safety_node.cpp:72:28:[m[K [01;31m[Kerror: [m[Kâ€˜[01m[Kackermann_msgs[m[Kâ€™ has not been declared
   72 |                 auto msg = [01;31m[Kackermann_msgs[m[K::msg::AckermannDriveStamped();
      |                            [01;31m[K^~~~~~~~~~~~~~[m[K
[01m[K/home/akhilsankar/workspace/f110/labs/lab2/aeb_ws/src/aeb/src/safety_node.cpp:74:17:[m[K [01;31m[Kerror: [m[Kâ€˜[01m[Kpublisher_[m[Kâ€™ was not declared in this scope
   74 |                 [01;31m[Kpublisher_[m[K->publish(msg);
      |                 [01;31m[K^~~~~~~~~~[m[K
[01m[K/home/akhilsankar/workspace/f110/labs/lab2/aeb_ws/src/aeb/src/safety_node.cpp:76:29:[m[K [01;31m[Kerror: [m[Kinvalid use of â€˜[01m[Kthis[m[Kâ€™ in non-member function
   76 |                 RCLCPP_INFO([01;31m[Kthis[m[K->get_logger(), "AEB::CriticalThresholdDetected : trigger brake");
      |                             [01;31m[K^~~~[m[K
[01m[K/home/akhilsankar/workspace/f110/labs/lab2/aeb_ws/src/aeb/src/safety_node.cpp:76:17:[m[K [01;31m[Kerror: [m[Kâ€˜[01m[KRCLCPP_INFO[m[Kâ€™ was not declared in this scope
   76 |                 [01;31m[KRCLCPP_INFO[m[K(this->get_logger(), "AEB::CriticalThresholdDetected : trigger brake");
      |                 [01;31m[K^~~~~~~~~~~[m[K
[01m[K/home/akhilsankar/workspace/f110/labs/lab2/aeb_ws/src/aeb/src/safety_node.cpp:[m[K In function â€˜[01m[Kint main(int, char**)[m[Kâ€™:
[01m[K/home/akhilsankar/workspace/f110/labs/lab2/aeb_ws/src/aeb/src/safety_node.cpp:81:9:[m[K [01;31m[Kerror: [m[Kâ€˜[01m[Krclcpp[m[Kâ€™ has not been declared
   81 |         [01;31m[Krclcpp[m[K::init(argc, argv);
      |         [01;31m[K^~~~~~[m[K
[01m[K/home/akhilsankar/workspace/f110/labs/lab2/aeb_ws/src/aeb/src/safety_node.cpp:82:9:[m[K [01;31m[Kerror: [m[Kâ€˜[01m[Krclcpp[m[Kâ€™ has not been declared
   82 |         [01;31m[Krclcpp[m[K::spin(std::make_shared<aeb::SafetyNode>());
      |         [01;31m[K^~~~~~[m[K
[01m[K/home/akhilsankar/workspace/f110/labs/lab2/aeb_ws/src/aeb/src/safety_node.cpp:82:27:[m[K [01;31m[Kerror: [m[Kâ€˜[01m[Kmake_shared[m[Kâ€™ is not a member of â€˜[01m[Kstd[m[Kâ€™
   82 |         rclcpp::spin(std::[01;31m[Kmake_shared[m[K<aeb::SafetyNode>());
      |                           [01;31m[K^~~~~~~~~~~[m[K
[01m[K/home/akhilsankar/workspace/f110/labs/lab2/aeb_ws/src/aeb/src/safety_node.cpp:1:1:[m[K [01;36m[Knote: [m[Kâ€˜[01m[Kstd::make_shared[m[Kâ€™ is defined in header â€˜[01m[K<memory>[m[Kâ€™; did you forget to â€˜[01m[K#include <memory>[m[Kâ€™?
  +++ |+[32m[K#include <memory>[m[K
    1 | include "aeb/safety_node.hpp"
[01m[K/home/akhilsankar/workspace/f110/labs/lab2/aeb_ws/src/aeb/src/safety_node.cpp:82:44:[m[K [01;31m[Kerror: [m[Kâ€˜[01m[KSafetyNode[m[Kâ€™ is not a member of â€˜[01m[Kaeb[m[Kâ€™
   82 |         rclcpp::spin(std::make_shared<aeb::[01;31m[KSafetyNode[m[K>());
      |                                            [01;31m[K^~~~~~~~~~[m[K
[01m[K/home/akhilsankar/workspace/f110/labs/lab2/aeb_ws/src/aeb/src/safety_node.cpp:82:56:[m[K [01;31m[Kerror: [m[Kexpected primary-expression before â€˜[01m[K)[m[Kâ€™ token
   82 |         rclcpp::spin(std::make_shared<aeb::SafetyNode>([01;31m[K)[m[K);
      |                                                        [01;31m[K^[m[K
[01m[K/home/akhilsankar/workspace/f110/labs/lab2/aeb_ws/src/aeb/src/safety_node.cpp:83:9:[m[K [01;31m[Kerror: [m[Kâ€˜[01m[Krclcpp[m[Kâ€™ has not been declared
   83 |         [01;31m[Krclcpp[m[K::shutdown();
      |         [01;31m[K^~~~~~[m[K
gmake[2]: *** [CMakeFiles/safety_node.dir/build.make:76: CMakeFiles/safety_node.dir/src/safety_node.cpp.o] Error 1
gmake[1]: *** [CMakeFiles/Makefile2:137: CMakeFiles/safety_node.dir/all] Error 2
gmake: *** [Makefile:146: all] Error 2
