[0.008s] Invoking command in '/home/akhilsankar/workspace/f110/labs/lab2/aeb_ws/build/aeb': CMAKE_PREFIX_PATH=${CMAKE_PREFIX_PATH}:/opt/ros/humble /usr/bin/cmake --build /home/akhilsankar/workspace/f110/labs/lab2/aeb_ws/build/aeb -- -j6 -l6
[0.045s] -- Found ament_cmake: 1.3.11 (/opt/ros/humble/share/ament_cmake/cmake)
[0.125s] -- Found rclcpp: 16.0.11 (/opt/ros/humble/share/rclcpp/cmake)
[0.153s] -- Found rosidl_generator_c: 3.1.6 (/opt/ros/humble/share/rosidl_generator_c/cmake)
[0.156s] -- Found rosidl_adapter: 3.1.6 (/opt/ros/humble/share/rosidl_adapter/cmake)
[0.161s] -- Found rosidl_generator_cpp: 3.1.6 (/opt/ros/humble/share/rosidl_generator_cpp/cmake)
[0.170s] -- Using all available rosidl_typesupport_c: rosidl_typesupport_fastrtps_c;rosidl_typesupport_introspection_c
[0.181s] -- Using all available rosidl_typesupport_cpp: rosidl_typesupport_fastrtps_cpp;rosidl_typesupport_introspection_cpp
[0.209s] -- Found rmw_implementation_cmake: 6.1.2 (/opt/ros/humble/share/rmw_implementation_cmake/cmake)
[0.211s] -- Found rmw_fastrtps_cpp: 6.2.7 (/opt/ros/humble/share/rmw_fastrtps_cpp/cmake)
[0.283s] -- Using RMW implementation 'rmw_fastrtps_cpp' as default
[0.327s] -- Found sensor_msgs: 4.2.4 (/opt/ros/humble/share/sensor_msgs/cmake)
[0.351s] -- Found nav_msgs: 4.2.4 (/opt/ros/humble/share/nav_msgs/cmake)
[0.365s] -- Found ackermann_msgs: 2.0.2 (/opt/ros/humble/share/ackermann_msgs/cmake)
[0.418s] -- Configuring done
[0.427s] -- Generating done
[0.430s] -- Build files have been written to: /home/akhilsankar/workspace/f110/labs/lab2/aeb_ws/build/aeb
[0.445s] [35m[1mConsolidate compiler generated dependencies of target safety_node[0m
[0.457s] [ 50%] [32mBuilding CXX object CMakeFiles/safety_node.dir/src/safety_node.cpp.o[0m
[0.484s] [01m[K/home/akhilsankar/workspace/f110/labs/lab2/aeb_ws/src/aeb/src/safety_node.cpp:1:1:[m[K [01;31m[Kerror: [m[Kâ€˜[01m[Kinclude[m[Kâ€™ does not name a type
[0.484s]     1 | [01;31m[Kinclude[m[K "aeb/safety_node.hpp"
[0.484s]       | [01;31m[K^~~~~~~[m[K
[0.484s] [01m[K/home/akhilsankar/workspace/f110/labs/lab2/aeb_ws/src/aeb/src/safety_node.cpp:6:9:[m[K [01;31m[Kerror: [m[Kâ€˜[01m[KSafetyNode[m[Kâ€™ does not name a type
[0.484s]     6 |         [01;31m[KSafetyNode[m[K::SafetyNode() : rclcpp::Node("aeb_safety_node") {
[0.484s]       |         [01;31m[K^~~~~~~~~~[m[K
[0.485s] [01m[K/home/akhilsankar/workspace/f110/labs/lab2/aeb_ws/src/aeb/src/safety_node.cpp:20:14:[m[K [01;31m[Kerror: [m[Kâ€˜[01m[KSafetyNode[m[Kâ€™ has not been declared
[0.485s]    20 |         void [01;31m[KSafetyNode[m[K::ingest_scan(const sensor_msgs::msg::LaserScan::SharedPtr msg) {
[0.485s]       |              [01;31m[K^~~~~~~~~~[m[K
[0.485s] [01m[K/home/akhilsankar/workspace/f110/labs/lab2/aeb_ws/src/aeb/src/safety_node.cpp:20:44:[m[K [01;31m[Kerror: [m[Kâ€˜[01m[Ksensor_msgs[m[Kâ€™ does not name a type
[0.485s]    20 |         void SafetyNode::ingest_scan(const [01;31m[Ksensor_msgs[m[K::msg::LaserScan::SharedPtr msg) {
[0.485s]       |                                            [01;31m[K^~~~~~~~~~~[m[K
[0.485s] [01m[K/home/akhilsankar/workspace/f110/labs/lab2/aeb_ws/src/aeb/src/safety_node.cpp:20:60:[m[K [01;31m[Kerror: [m[Kexpected unqualified-id before â€˜[01m[K::[m[Kâ€™ token
[0.485s]    20 |         void SafetyNode::ingest_scan(const sensor_msgs::msg[01;31m[K::[m[KLaserScan::SharedPtr msg) {
[0.485s]       |                                                            [01;31m[K^~[m[K
[0.486s] [01m[K/home/akhilsankar/workspace/f110/labs/lab2/aeb_ws/src/aeb/src/safety_node.cpp:20:60:[m[K [01;31m[Kerror: [m[Kexpected â€˜[01m[K)[m[Kâ€™ before â€˜[01m[K::[m[Kâ€™ token
[0.486s]    20 |         void SafetyNode::ingest_scan[34m[K([m[Kconst sensor_msgs::msg[01;31m[K:[m[K[32m[K:[m[KLaserScan::SharedPtr msg) {
[0.486s]       |                                     [34m[K~[m[K                      [01;31m[K^[m[K[32m[K~[m[K
[0.486s]       |                                                            [32m[K)[m[K
[0.486s] [01m[K/home/akhilsankar/workspace/f110/labs/lab2/aeb_ws/src/aeb/src/safety_node.cpp:20:60:[m[K [01;31m[Kerror: [m[Kexpected initializer before â€˜[01m[K::[m[Kâ€™ token
[0.486s]    20 |         void SafetyNode::ingest_scan(const sensor_msgs::msg[01;31m[K::[m[KLaserScan::SharedPtr msg) {
[0.486s]       |                                                            [01;31m[K^~[m[K
[0.486s] [01m[K/home/akhilsankar/workspace/f110/labs/lab2/aeb_ws/src/aeb/src/safety_node.cpp:39:14:[m[K [01;31m[Kerror: [m[Kâ€˜[01m[KSafetyNode[m[Kâ€™ has not been declared
[0.486s]    39 |         void [01;31m[KSafetyNode[m[K::ingest_odom(const nav_msgs::msg::Odometry::SharedPtr msg) {
[0.486s]       |              [01;31m[K^~~~~~~~~~[m[K
[0.486s] [01m[K/home/akhilsankar/workspace/f110/labs/lab2/aeb_ws/src/aeb/src/safety_node.cpp:39:44:[m[K [01;31m[Kerror: [m[Kâ€˜[01m[Knav_msgs[m[Kâ€™ does not name a type
[0.486s]    39 |         void SafetyNode::ingest_odom(const [01;31m[Knav_msgs[m[K::msg::Odometry::SharedPtr msg) {
[0.486s]       |                                            [01;31m[K^~~~~~~~[m[K
[0.486s] [01m[K/home/akhilsankar/workspace/f110/labs/lab2/aeb_ws/src/aeb/src/safety_node.cpp:39:57:[m[K [01;31m[Kerror: [m[Kexpected unqualified-id before â€˜[01m[K::[m[Kâ€™ token
[0.486s]    39 |         void SafetyNode::ingest_odom(const nav_msgs::msg[01;31m[K::[m[KOdometry::SharedPtr msg) {
[0.487s]       |                                                         [01;31m[K^~[m[K
[0.487s] [01m[K/home/akhilsankar/workspace/f110/labs/lab2/aeb_ws/src/aeb/src/safety_node.cpp:39:57:[m[K [01;31m[Kerror: [m[Kexpected â€˜[01m[K)[m[Kâ€™ before â€˜[01m[K::[m[Kâ€™ token
[0.487s]    39 |         void SafetyNode::ingest_odom[34m[K([m[Kconst nav_msgs::msg[01;31m[K:[m[K[32m[K:[m[KOdometry::SharedPtr msg) {
[0.487s]       |                                     [34m[K~[m[K                   [01;31m[K^[m[K[32m[K~[m[K
[0.487s]       |                                                         [32m[K)[m[K
[0.487s] [01m[K/home/akhilsankar/workspace/f110/labs/lab2/aeb_ws/src/aeb/src/safety_node.cpp:39:57:[m[K [01;31m[Kerror: [m[Kexpected initializer before â€˜[01m[K::[m[Kâ€™ token
[0.487s]    39 |         void SafetyNode::ingest_odom(const nav_msgs::msg[01;31m[K::[m[KOdometry::SharedPtr msg) {
[0.487s]       |                                                         [01;31m[K^~[m[K
[0.487s] [01m[K/home/akhilsankar/workspace/f110/labs/lab2/aeb_ws/src/aeb/src/safety_node.cpp:46:37:[m[K [01;31m[Kerror: [m[Kâ€˜[01m[Knav_msgs[m[Kâ€™ does not name a type
[0.487s]    46 |         double convert_to_yaw(const [01;31m[Knav_msgs[m[K::msg::Odometry::SharedPtr msg) {
[0.487s]       |                                     [01;31m[K^~~~~~~~[m[K
[0.487s] [01m[K/home/akhilsankar/workspace/f110/labs/lab2/aeb_ws/src/aeb/src/safety_node.cpp:46:50:[m[K [01;31m[Kerror: [m[Kexpected unqualified-id before â€˜[01m[K::[m[Kâ€™ token
[0.487s]    46 |         double convert_to_yaw(const nav_msgs::msg[01;31m[K::[m[KOdometry::SharedPtr msg) {
[0.487s]       |                                                  [01;31m[K^~[m[K
[0.487s] [01m[K/home/akhilsankar/workspace/f110/labs/lab2/aeb_ws/src/aeb/src/safety_node.cpp:46:50:[m[K [01;31m[Kerror: [m[Kexpected â€˜[01m[K)[m[Kâ€™ before â€˜[01m[K::[m[Kâ€™ token
[0.487s]    46 |         double convert_to_yaw[34m[K([m[Kconst nav_msgs::msg[01;31m[K:[m[K[32m[K:[m[KOdometry::SharedPtr msg) {
[0.487s]       |                              [34m[K~[m[K                   [01;31m[K^[m[K[32m[K~[m[K
[0.487s]       |                                                  [32m[K)[m[K
[0.487s] [01m[K/home/akhilsankar/workspace/f110/labs/lab2/aeb_ws/src/aeb/src/safety_node.cpp:46:50:[m[K [01;31m[Kerror: [m[Kexpected initializer before â€˜[01m[K::[m[Kâ€™ token
[0.487s]    46 |         double convert_to_yaw(const nav_msgs::msg[01;31m[K::[m[KOdometry::SharedPtr msg) {
[0.487s]       |                                                  [01;31m[K^~[m[K
[0.488s] [01m[K/home/akhilsankar/workspace/f110/labs/lab2/aeb_ws/src/aeb/src/safety_node.cpp:69:14:[m[K [01;31m[Kerror: [m[Kâ€˜[01m[KSafetyNode[m[Kâ€™ has not been declared
[0.488s]    69 |         void [01;31m[KSafetyNode[m[K::brake() {
[0.488s]       |              [01;31m[K^~~~~~~~~~[m[K
[0.488s] [01m[K/home/akhilsankar/workspace/f110/labs/lab2/aeb_ws/src/aeb/src/safety_node.cpp:[m[K In function â€˜[01m[Kvoid aeb::brake()[m[Kâ€™:
[0.488s] [01m[K/home/akhilsankar/workspace/f110/labs/lab2/aeb_ws/src/aeb/src/safety_node.cpp:72:28:[m[K [01;31m[Kerror: [m[Kâ€˜[01m[Kackermann_msgs[m[Kâ€™ has not been declared
[0.489s]    72 |                 auto msg = [01;31m[Kackermann_msgs[m[K::msg::AckermannDriveStamped();
[0.489s]       |                            [01;31m[K^~~~~~~~~~~~~~[m[K
[0.490s] [01m[K/home/akhilsankar/workspace/f110/labs/lab2/aeb_ws/src/aeb/src/safety_node.cpp:74:17:[m[K [01;31m[Kerror: [m[Kâ€˜[01m[Kpublisher_[m[Kâ€™ was not declared in this scope
[0.490s]    74 |                 [01;31m[Kpublisher_[m[K->publish(msg);
[0.490s]       |                 [01;31m[K^~~~~~~~~~[m[K
[0.490s] [01m[K/home/akhilsankar/workspace/f110/labs/lab2/aeb_ws/src/aeb/src/safety_node.cpp:76:29:[m[K [01;31m[Kerror: [m[Kinvalid use of â€˜[01m[Kthis[m[Kâ€™ in non-member function
[0.490s]    76 |                 RCLCPP_INFO([01;31m[Kthis[m[K->get_logger(), "AEB::CriticalThresholdDetected : trigger brake");
[0.490s]       |                             [01;31m[K^~~~[m[K
[0.491s] [01m[K/home/akhilsankar/workspace/f110/labs/lab2/aeb_ws/src/aeb/src/safety_node.cpp:76:17:[m[K [01;31m[Kerror: [m[Kâ€˜[01m[KRCLCPP_INFO[m[Kâ€™ was not declared in this scope
[0.491s]    76 |                 [01;31m[KRCLCPP_INFO[m[K(this->get_logger(), "AEB::CriticalThresholdDetected : trigger brake");
[0.491s]       |                 [01;31m[K^~~~~~~~~~~[m[K
[0.491s] [01m[K/home/akhilsankar/workspace/f110/labs/lab2/aeb_ws/src/aeb/src/safety_node.cpp:[m[K In function â€˜[01m[Kint main(int, char**)[m[Kâ€™:
[0.491s] [01m[K/home/akhilsankar/workspace/f110/labs/lab2/aeb_ws/src/aeb/src/safety_node.cpp:81:9:[m[K [01;31m[Kerror: [m[Kâ€˜[01m[Krclcpp[m[Kâ€™ has not been declared
[0.491s]    81 |         [01;31m[Krclcpp[m[K::init(argc, argv);
[0.491s]       |         [01;31m[K^~~~~~[m[K
[0.491s] [01m[K/home/akhilsankar/workspace/f110/labs/lab2/aeb_ws/src/aeb/src/safety_node.cpp:82:9:[m[K [01;31m[Kerror: [m[Kâ€˜[01m[Krclcpp[m[Kâ€™ has not been declared
[0.491s]    82 |         [01;31m[Krclcpp[m[K::spin(std::make_shared<aeb::SafetyNode>());
[0.491s]       |         [01;31m[K^~~~~~[m[K
[0.492s] [01m[K/home/akhilsankar/workspace/f110/labs/lab2/aeb_ws/src/aeb/src/safety_node.cpp:82:27:[m[K [01;31m[Kerror: [m[Kâ€˜[01m[Kmake_shared[m[Kâ€™ is not a member of â€˜[01m[Kstd[m[Kâ€™
[0.492s]    82 |         rclcpp::spin(std::[01;31m[Kmake_shared[m[K<aeb::SafetyNode>());
[0.492s]       |                           [01;31m[K^~~~~~~~~~~[m[K
[0.492s] [01m[K/home/akhilsankar/workspace/f110/labs/lab2/aeb_ws/src/aeb/src/safety_node.cpp:1:1:[m[K [01;36m[Knote: [m[Kâ€˜[01m[Kstd::make_shared[m[Kâ€™ is defined in header â€˜[01m[K<memory>[m[Kâ€™; did you forget to â€˜[01m[K#include <memory>[m[Kâ€™?
[0.492s]   +++ |+[32m[K#include <memory>[m[K
[0.492s]     1 | include "aeb/safety_node.hpp"
[0.492s] [01m[K/home/akhilsankar/workspace/f110/labs/lab2/aeb_ws/src/aeb/src/safety_node.cpp:82:44:[m[K [01;31m[Kerror: [m[Kâ€˜[01m[KSafetyNode[m[Kâ€™ is not a member of â€˜[01m[Kaeb[m[Kâ€™
[0.492s]    82 |         rclcpp::spin(std::make_shared<aeb::[01;31m[KSafetyNode[m[K>());
[0.492s]       |                                            [01;31m[K^~~~~~~~~~[m[K
[0.492s] [01m[K/home/akhilsankar/workspace/f110/labs/lab2/aeb_ws/src/aeb/src/safety_node.cpp:82:56:[m[K [01;31m[Kerror: [m[Kexpected primary-expression before â€˜[01m[K)[m[Kâ€™ token
[0.492s]    82 |         rclcpp::spin(std::make_shared<aeb::SafetyNode>([01;31m[K)[m[K);
[0.492s]       |                                                        [01;31m[K^[m[K
[0.492s] [01m[K/home/akhilsankar/workspace/f110/labs/lab2/aeb_ws/src/aeb/src/safety_node.cpp:83:9:[m[K [01;31m[Kerror: [m[Kâ€˜[01m[Krclcpp[m[Kâ€™ has not been declared
[0.492s]    83 |         [01;31m[Krclcpp[m[K::shutdown();
[0.492s]       |         [01;31m[K^~~~~~[m[K
[0.493s] gmake[2]: *** [CMakeFiles/safety_node.dir/build.make:76: CMakeFiles/safety_node.dir/src/safety_node.cpp.o] Error 1
[0.493s] gmake[1]: *** [CMakeFiles/Makefile2:137: CMakeFiles/safety_node.dir/all] Error 2
[0.493s] gmake: *** [Makefile:146: all] Error 2
[0.495s] Invoked command in '/home/akhilsankar/workspace/f110/labs/lab2/aeb_ws/build/aeb' returned '2': CMAKE_PREFIX_PATH=${CMAKE_PREFIX_PATH}:/opt/ros/humble /usr/bin/cmake --build /home/akhilsankar/workspace/f110/labs/lab2/aeb_ws/build/aeb -- -j6 -l6
