[0.007s] Invoking command in '/home/akhilsankar/workspace/f110/labs/lab2/aeb_ws/build/aeb': CMAKE_PREFIX_PATH=/opt/ros/humble /usr/bin/cmake --build /home/akhilsankar/workspace/f110/labs/lab2/aeb_ws/build/aeb -- -j6 -l6
[0.035s] [35m[1mConsolidate compiler generated dependencies of target safety_node[0m
[0.049s] [ 50%] [32mBuilding CXX object CMakeFiles/safety_node.dir/src/safety_node.cpp.o[0m
[0.650s] In file included from [01m[K/usr/include/eigen3/Eigen/Core:214[m[K,
[0.650s]                  from [01m[K/usr/include/eigen3/Eigen/Dense:1[m[K,
[0.650s]                  from [01m[K/home/akhilsankar/workspace/f110/labs/lab2/aeb_ws/src/aeb/include/aeb/safety_node.hpp:6[m[K,
[0.650s]                  from [01m[K/home/akhilsankar/workspace/f110/labs/lab2/aeb_ws/src/aeb/src/safety_node.cpp:1[m[K:
[0.650s] [01m[K/usr/include/eigen3/Eigen/src/Core/arch/NEON/PacketMath.h:[m[K In function â€˜[01m[KPacket Eigen::internal::pload(const typename Eigen::internal::unpacket_traits<T>::type*) [with Packet = Eigen::internal::eigen_packet_wrapper<int, 2>; typename Eigen::internal::unpacket_traits<T>::type = signed char][m[Kâ€™:
[0.650s] [01m[K/usr/include/eigen3/Eigen/src/Core/arch/NEON/PacketMath.h:1671:9:[m[K [01;35m[Kwarning: [m[Kâ€˜[01m[Kvoid* memcpy(void*, const void*, size_t)[m[Kâ€™ copying an object of non-trivial type â€˜[01m[KEigen::internal::Packet4c[m[Kâ€™ {aka â€˜[01m[Kstruct Eigen::internal::eigen_packet_wrapper<int, 2>[m[Kâ€™} from an array of â€˜[01m[Kconst int8_t[m[Kâ€™ {aka â€˜[01m[Kconst signed char[m[Kâ€™} [[01;35m[K]8;;https://gcc.gnu.org/onlinedocs/gcc/Warning-Options.html#index-Wclass-memaccess-Wclass-memaccess]8;;[m[K]
[0.650s]  1671 |   [01;35m[Kmemcpy(&res, from, sizeof(Packet4c))[m[K;
[0.650s]       |   [01;35m[K~~~~~~^~~~~~~~~~~~~~~~~~~~~~~~~~~~~~[m[K
[0.650s] In file included from [01m[K/usr/include/eigen3/Eigen/Core:172[m[K,
[0.650s]                  from [01m[K/usr/include/eigen3/Eigen/Dense:1[m[K,
[0.650s]                  from [01m[K/home/akhilsankar/workspace/f110/labs/lab2/aeb_ws/src/aeb/include/aeb/safety_node.hpp:6[m[K,
[0.650s]                  from [01m[K/home/akhilsankar/workspace/f110/labs/lab2/aeb_ws/src/aeb/src/safety_node.cpp:1[m[K:
[0.650s] [01m[K/usr/include/eigen3/Eigen/src/Core/GenericPacketMath.h:159:8:[m[K [01;36m[Knote: [m[Kâ€˜[01m[KEigen::internal::Packet4c[m[Kâ€™ {aka â€˜[01m[Kstruct Eigen::internal::eigen_packet_wrapper<int, 2>[m[Kâ€™} declared here
[0.650s]   159 | struct [01;36m[Keigen_packet_wrapper[m[K
[0.650s]       |        [01;36m[K^~~~~~~~~~~~~~~~~~~~[m[K
[0.651s] In file included from [01m[K/usr/include/eigen3/Eigen/Core:214[m[K,
[0.651s]                  from [01m[K/usr/include/eigen3/Eigen/Dense:1[m[K,
[0.651s]                  from [01m[K/home/akhilsankar/workspace/f110/labs/lab2/aeb_ws/src/aeb/include/aeb/safety_node.hpp:6[m[K,
[0.651s]                  from [01m[K/home/akhilsankar/workspace/f110/labs/lab2/aeb_ws/src/aeb/src/safety_node.cpp:1[m[K:
[0.651s] [01m[K/usr/include/eigen3/Eigen/src/Core/arch/NEON/PacketMath.h:[m[K In function â€˜[01m[KPacket Eigen::internal::ploadu(const typename Eigen::internal::unpacket_traits<T>::type*) [with Packet = Eigen::internal::eigen_packet_wrapper<int, 2>; typename Eigen::internal::unpacket_traits<T>::type = signed char][m[Kâ€™:
[0.651s] [01m[K/usr/include/eigen3/Eigen/src/Core/arch/NEON/PacketMath.h:1716:9:[m[K [01;35m[Kwarning: [m[Kâ€˜[01m[Kvoid* memcpy(void*, const void*, size_t)[m[Kâ€™ copying an object of non-trivial type â€˜[01m[KEigen::internal::Packet4c[m[Kâ€™ {aka â€˜[01m[Kstruct Eigen::internal::eigen_packet_wrapper<int, 2>[m[Kâ€™} from an array of â€˜[01m[Kconst int8_t[m[Kâ€™ {aka â€˜[01m[Kconst signed char[m[Kâ€™} [[01;35m[K]8;;https://gcc.gnu.org/onlinedocs/gcc/Warning-Options.html#index-Wclass-memaccess-Wclass-memaccess]8;;[m[K]
[0.651s]  1716 |   [01;35m[Kmemcpy(&res, from, sizeof(Packet4c))[m[K;
[0.651s]       |   [01;35m[K~~~~~~^~~~~~~~~~~~~~~~~~~~~~~~~~~~~~[m[K
[0.651s] In file included from [01m[K/usr/include/eigen3/Eigen/Core:172[m[K,
[0.651s]                  from [01m[K/usr/include/eigen3/Eigen/Dense:1[m[K,
[0.651s]                  from [01m[K/home/akhilsankar/workspace/f110/labs/lab2/aeb_ws/src/aeb/include/aeb/safety_node.hpp:6[m[K,
[0.651s]                  from [01m[K/home/akhilsankar/workspace/f110/labs/lab2/aeb_ws/src/aeb/src/safety_node.cpp:1[m[K:
[0.651s] [01m[K/usr/include/eigen3/Eigen/src/Core/GenericPacketMath.h:159:8:[m[K [01;36m[Knote: [m[Kâ€˜[01m[KEigen::internal::Packet4c[m[Kâ€™ {aka â€˜[01m[Kstruct Eigen::internal::eigen_packet_wrapper<int, 2>[m[Kâ€™} declared here
[0.651s]   159 | struct [01;36m[Keigen_packet_wrapper[m[K
[0.651s]       |        [01;36m[K^~~~~~~~~~~~~~~~~~~~[m[K
[1.982s] In file included from [01m[K/home/akhilsankar/workspace/f110/labs/lab2/aeb_ws/src/aeb/src/safety_node.cpp:1[m[K:
[1.982s] [01m[K/home/akhilsankar/workspace/f110/labs/lab2/aeb_ws/src/aeb/include/aeb/safety_node.hpp:[m[K At global scope:
[1.982s] [01m[K/home/akhilsankar/workspace/f110/labs/lab2/aeb_ws/src/aeb/include/aeb/safety_node.hpp:37:26:[m[K [01;31m[Kerror: [m[Kâ€˜[01m[Kstring[m[Kâ€™ does not name a type; did you mean â€˜[01m[Kstdin[m[Kâ€™?
[1.982s]    37 |         static constexpr [01;31m[Kstring[m[K SCAN_TOPIC("/scan");
[1.982s]       |                          [01;31m[K^~~~~~[m[K
[1.982s]       |                          [32m[Kstdin[m[K
[1.983s] [01m[K/home/akhilsankar/workspace/f110/labs/lab2/aeb_ws/src/aeb/include/aeb/safety_node.hpp:38:26:[m[K [01;31m[Kerror: [m[Kâ€˜[01m[Kstring[m[Kâ€™ does not name a type; did you mean â€˜[01m[Kstdin[m[Kâ€™?
[1.983s]    38 |         static constexpr [01;31m[Kstring[m[K ODOMETRY_TOPIC("/ego_racecar/odom");
[1.983s]       |                          [01;31m[K^~~~~~[m[K
[1.983s]       |                          [32m[Kstdin[m[K
[1.984s] [01m[K/home/akhilsankar/workspace/f110/labs/lab2/aeb_ws/src/aeb/include/aeb/safety_node.hpp:39:26:[m[K [01;31m[Kerror: [m[Kâ€˜[01m[Kstring[m[Kâ€™ does not name a type; did you mean â€˜[01m[Kstdin[m[Kâ€™?
[1.984s]    39 |         static constexpr [01;31m[Kstring[m[K FUNNEL_TOPIC("/drive_funnel");
[1.984s]       |                          [01;31m[K^~~~~~[m[K
[1.984s]       |                          [32m[Kstdin[m[K
[1.994s] [01m[K/home/akhilsankar/workspace/f110/labs/lab2/aeb_ws/src/aeb/src/safety_node.cpp:[m[K In constructor â€˜[01m[KAEB::SafetyNode::SafetyNode()[m[Kâ€™:
[1.994s] [01m[K/home/akhilsankar/workspace/f110/labs/lab2/aeb_ws/src/aeb/src/safety_node.cpp:8:25:[m[K [01;31m[Kerror: [m[Kâ€˜[01m[KSCAN_TOPIC[m[Kâ€™ was not declared in this scope
[1.995s]     8 |                         [01;31m[KSCAN_TOPIC[m[K, 10,
[1.995s]       |                         [01;31m[K^~~~~~~~~~[m[K
[2.008s] [01m[K/home/akhilsankar/workspace/f110/labs/lab2/aeb_ws/src/aeb/src/safety_node.cpp:13:25:[m[K [01;31m[Kerror: [m[Kâ€˜[01m[KODOMETRY_TOPIC[m[Kâ€™ was not declared in this scope
[2.008s]    13 |                         [01;31m[KODOMETRY_TOPIC[m[K, 10,
[2.008s]       |                         [01;31m[K^~~~~~~~~~~~~~[m[K
[2.066s] [01m[K/home/akhilsankar/workspace/f110/labs/lab2/aeb_ws/src/aeb/src/safety_node.cpp:[m[K In member function â€˜[01m[Kvoid AEB::SafetyNode::ingest_odom(nav_msgs::msg::Odometry_<std::allocator<void> >::SharedPtr)[m[Kâ€™:
[2.066s] [01m[K/home/akhilsankar/workspace/f110/labs/lab2/aeb_ws/src/aeb/src/safety_node.cpp:39:24:[m[K [01;35m[Kwarning: [m[Kunused variable â€˜[01m[Kheading_[m[Kâ€™ [[01;35m[K]8;;https://gcc.gnu.org/onlinedocs/gcc/Warning-Options.html#index-Wunused-variable-Wunused-variable]8;;[m[K]
[2.066s]    39 |                 double [01;35m[Kheading_[m[K = convert_to_yaw(msg);
[2.066s]       |                        [01;35m[K^~~~~~~~[m[K
[2.604s] gmake[2]: *** [CMakeFiles/safety_node.dir/build.make:76: CMakeFiles/safety_node.dir/src/safety_node.cpp.o] Error 1
[2.604s] gmake[1]: *** [CMakeFiles/Makefile2:137: CMakeFiles/safety_node.dir/all] Error 2
[2.604s] gmake: *** [Makefile:146: all] Error 2
[2.605s] Invoked command in '/home/akhilsankar/workspace/f110/labs/lab2/aeb_ws/build/aeb' returned '2': CMAKE_PREFIX_PATH=/opt/ros/humble /usr/bin/cmake --build /home/akhilsankar/workspace/f110/labs/lab2/aeb_ws/build/aeb -- -j6 -l6
