[0.008s] Invoking command in '/home/akhilsankar/workspace/f110/labs/lab2/aeb_ws/build/aeb': CMAKE_PREFIX_PATH=/opt/ros/humble /usr/bin/cmake --build /home/akhilsankar/workspace/f110/labs/lab2/aeb_ws/build/aeb -- -j6 -l6
[0.030s] [35m[1mConsolidate compiler generated dependencies of target safety_node[0m
[0.040s] [ 50%] [32mBuilding CXX object CMakeFiles/safety_node.dir/src/safety_node.cpp.o[0m
[1.269s] [01m[K/home/akhilsankar/workspace/f110/labs/lab2/aeb_ws/src/aeb/src/safety_node.cpp:[m[K In function â€˜[01m[Kint aeb::main(int, char**)[m[Kâ€™:
[1.269s] [01m[K/home/akhilsankar/workspace/f110/labs/lab2/aeb_ws/src/aeb/src/safety_node.cpp:21:50:[m[K [01;31m[Kerror: [m[Kexpected â€˜[01m[K)[m[Kâ€™ before â€˜[01m[Knode[m[Kâ€™
[1.269s]    21 |         rclcpp::spin[34m[K([m[Kstd::make_shared<SafetyNode>[01;31m[K [m[K[32m[Knode[m[K;
[1.269s]       |                     [34m[K~[m[K                            [01;31m[K^[m[K[32m[K~~~~[m[K
[1.270s]       |                                                  [32m[K)[m[K
[1.270s] [01m[K/home/akhilsankar/workspace/f110/labs/lab2/aeb_ws/src/aeb/src/safety_node.cpp:[m[K At global scope:
[1.270s] [01m[K/home/akhilsankar/workspace/f110/labs/lab2/aeb_ws/src/aeb/src/safety_node.cpp:25:2:[m[K [01;31m[Kerror: [m[Kexpected â€˜[01m[K}[m[Kâ€™ at end of input
[1.270s]    25 | }
[1.270s]       |  [01;31m[K^[m[K
[1.270s] [01m[K/home/akhilsankar/workspace/f110/labs/lab2/aeb_ws/src/aeb/src/safety_node.cpp:6:15:[m[K [01;36m[Knote: [m[Kto match this â€˜[01m[K{[m[Kâ€™
[1.270s]     6 | namespace aeb [01;36m[K{[m[K
[1.270s]       |               [01;36m[K^[m[K
[2.634s] gmake[2]: *** [CMakeFiles/safety_node.dir/build.make:76: CMakeFiles/safety_node.dir/src/safety_node.cpp.o] Error 1
[2.634s] gmake[1]: *** [CMakeFiles/Makefile2:137: CMakeFiles/safety_node.dir/all] Error 2
[2.634s] gmake: *** [Makefile:146: all] Error 2
[2.636s] Invoked command in '/home/akhilsankar/workspace/f110/labs/lab2/aeb_ws/build/aeb' returned '2': CMAKE_PREFIX_PATH=/opt/ros/humble /usr/bin/cmake --build /home/akhilsankar/workspace/f110/labs/lab2/aeb_ws/build/aeb -- -j6 -l6
