[0.008s] Invoking command in '/home/akhilsankar/workspace/f110/labs/lab2/aeb_ws/build/aeb': CMAKE_PREFIX_PATH=${CMAKE_PREFIX_PATH}:/opt/ros/humble /usr/bin/cmake --build /home/akhilsankar/workspace/f110/labs/lab2/aeb_ws/build/aeb -- -j6 -l6
[0.044s] [35m[1mConsolidate compiler generated dependencies of target safety_node[0m
[0.059s] [ 50%] [32mBuilding CXX object CMakeFiles/safety_node.dir/src/safety_node.cpp.o[0m
[1.698s] [01m[K/home/akhilsankar/workspace/f110/labs/lab2/aeb_ws/src/aeb/src/safety_node.cpp:[m[K In member function â€˜[01m[Kvoid aeb::SafetyNode::ingest_scan(sensor_msgs::msg::LaserScan_<std::allocator<void> >::SharedPtr)[m[Kâ€™:
[1.698s] [01m[K/home/akhilsankar/workspace/f110/labs/lab2/aeb_ws/src/aeb/src/safety_node.cpp:27:60:[m[K [01;31m[Kerror: [m[Kexpected â€˜[01m[K)[m[Kâ€™ before â€˜[01m[K{[m[Kâ€™ token
[1.698s]    27 |                 for[34m[K([m[Ksize_t i=0; i < msg->ranges.size(); i++[01;31m[K [m[K[32m[K{[m[K
[1.698s]       |                    [34m[K~[m[K                                       [01;31m[K^[m[K[32m[K~[m[K
[1.698s]       |                                                            [32m[K)[m[K
[1.703s] [01m[K/home/akhilsankar/workspace/f110/labs/lab2/aeb_ws/src/aeb/src/safety_node.cpp:29:49:[m[K [01;31m[Kerror: [m[Kâ€˜[01m[Kneam_angle[m[Kâ€™ was not declared in this scope; did you mean â€˜[01m[Kbeam_angle[m[Kâ€™?
[1.703s]    29 |                         double relative_angle = [01;31m[Kneam_angle[m[K - heading_;
[1.703s]       |                                                 [01;31m[K^~~~~~~~~~[m[K
[1.703s]       |                                                 [32m[Kbeam_angle[m[K
[1.704s] [01m[K/home/akhilsankar/workspace/f110/labs/lab2/aeb_ws/src/aeb/src/safety_node.cpp:28:32:[m[K [01;35m[Kwarning: [m[Kunused variable â€˜[01m[Kbeam_angle[m[Kâ€™ [[01;35m[K]8;;https://gcc.gnu.org/onlinedocs/gcc/Warning-Options.html#index-Wunused-variable-Wunused-variable]8;;[m[K]
[1.704s]    28 |                         double [01;35m[Kbeam_angle[m[K = msg->angle_min + ((msg->angle_increment) * i);
[1.704s]       |                                [01;35m[K^~~~~~~~~~[m[K
[1.710s] [01m[K/home/akhilsankar/workspace/f110/labs/lab2/aeb_ws/src/aeb/src/safety_node.cpp:[m[K In member function â€˜[01m[Kvoid aeb::SafetyNode::ingest_odom(nav_msgs::msg::Odometry_<std::allocator<void> >::SharedPtr)[m[Kâ€™:
[1.710s] [01m[K/home/akhilsankar/workspace/f110/labs/lab2/aeb_ws/src/aeb/src/safety_node.cpp:40:17:[m[K [01;31m[Kerror: [m[Kâ€˜[01m[Kodom_[m[Kâ€™ was not declared in this scope
[1.710s]    40 |                 [01;31m[Kodom_[m[K = msg;
[1.710s]       |                 [01;31m[K^~~~~[m[K
[3.758s] gmake[2]: *** [CMakeFiles/safety_node.dir/build.make:76: CMakeFiles/safety_node.dir/src/safety_node.cpp.o] Error 1
[3.758s] gmake[1]: *** [CMakeFiles/Makefile2:137: CMakeFiles/safety_node.dir/all] Error 2
[3.758s] gmake: *** [Makefile:146: all] Error 2
[3.760s] Invoked command in '/home/akhilsankar/workspace/f110/labs/lab2/aeb_ws/build/aeb' returned '2': CMAKE_PREFIX_PATH=${CMAKE_PREFIX_PATH}:/opt/ros/humble /usr/bin/cmake --build /home/akhilsankar/workspace/f110/labs/lab2/aeb_ws/build/aeb -- -j6 -l6
