[0.006s] Invoking command in '/home/akhilsankar/workspace/f110/labs/lab2/aeb_ws/build/aeb': CMAKE_PREFIX_PATH=${CMAKE_PREFIX_PATH}:/opt/ros/humble /usr/bin/cmake --build /home/akhilsankar/workspace/f110/labs/lab2/aeb_ws/build/aeb -- -j6 -l6
[0.018s] -- Found ament_cmake: 1.3.11 (/opt/ros/humble/share/ament_cmake/cmake)
[0.086s] -- Found rclcpp: 16.0.11 (/opt/ros/humble/share/rclcpp/cmake)
[0.106s] -- Found rosidl_generator_c: 3.1.6 (/opt/ros/humble/share/rosidl_generator_c/cmake)
[0.107s] -- Found rosidl_adapter: 3.1.6 (/opt/ros/humble/share/rosidl_adapter/cmake)
[0.111s] -- Found rosidl_generator_cpp: 3.1.6 (/opt/ros/humble/share/rosidl_generator_cpp/cmake)
[0.118s] -- Using all available rosidl_typesupport_c: rosidl_typesupport_fastrtps_c;rosidl_typesupport_introspection_c
[0.125s] -- Using all available rosidl_typesupport_cpp: rosidl_typesupport_fastrtps_cpp;rosidl_typesupport_introspection_cpp
[0.147s] -- Found rmw_implementation_cmake: 6.1.2 (/opt/ros/humble/share/rmw_implementation_cmake/cmake)
[0.147s] -- Found rmw_fastrtps_cpp: 6.2.7 (/opt/ros/humble/share/rmw_fastrtps_cpp/cmake)
[0.214s] -- Using RMW implementation 'rmw_fastrtps_cpp' as default
[0.248s] -- Found sensor_msgs: 4.2.4 (/opt/ros/humble/share/sensor_msgs/cmake)
[0.268s] -- Found nav_msgs: 4.2.4 (/opt/ros/humble/share/nav_msgs/cmake)
[0.280s] -- Found ackermann_msgs: 2.0.2 (/opt/ros/humble/share/ackermann_msgs/cmake)
[0.324s] -- Configuring done
[0.331s] -- Generating done
[0.333s] -- Build files have been written to: /home/akhilsankar/workspace/f110/labs/lab2/aeb_ws/build/aeb
[0.347s] [35m[1mConsolidate compiler generated dependencies of target safety_node[0m
[0.357s] [ 50%] [32mBuilding CXX object CMakeFiles/safety_node.dir/src/safety_node.cpp.o[0m
[0.375s] In file included from [01m[K/home/akhilsankar/workspace/f110/labs/lab2/aeb_ws/src/aeb/src/safety_node.cpp:1[m[K:
[0.375s] [01m[K/home/akhilsankar/workspace/f110/labs/lab2/aeb_ws/src/aeb/include/aeb/safety_node.hpp:5:10:[m[K [01;31m[Kfatal error: [m[KEigen/Dense: No such file or directory
[0.375s]     5 | #include [01;31m[K<Eigen/Dense>[m[K
[0.375s]       |          [01;31m[K^~~~~~~~~~~~~[m[K
[0.375s] compilation terminated.
[0.375s] gmake[2]: *** [CMakeFiles/safety_node.dir/build.make:76: CMakeFiles/safety_node.dir/src/safety_node.cpp.o] Error 1
[0.376s] gmake[1]: *** [CMakeFiles/Makefile2:137: CMakeFiles/safety_node.dir/all] Error 2
[0.376s] gmake: *** [Makefile:146: all] Error 2
[0.377s] Invoked command in '/home/akhilsankar/workspace/f110/labs/lab2/aeb_ws/build/aeb' returned '2': CMAKE_PREFIX_PATH=${CMAKE_PREFIX_PATH}:/opt/ros/humble /usr/bin/cmake --build /home/akhilsankar/workspace/f110/labs/lab2/aeb_ws/build/aeb -- -j6 -l6
