[01m[K/home/akhilsankar/workspace/f110/labs/lab2/aeb_ws/src/aeb/src/safety_node.cpp:25:2:[m[K [01;31m[Kerror: [m[Kexpected â€˜[01m[K}[m[Kâ€™ at end of input
   25 | }
      |  [01;31m[K^[m[K
[01m[K/home/akhilsankar/workspace/f110/labs/lab2/aeb_ws/src/aeb/src/safety_node.cpp:6:15:[m[K [01;36m[Knote: [m[Kto match this â€˜[01m[K{[m[Kâ€™
    6 | namespace aeb [01;36m[K{[m[K
      |               [01;36m[K^[m[K
gmake[2]: *** [CMakeFiles/safety_node.dir/build.make:76: CMakeFiles/safety_node.dir/src/safety_node.cpp.o] Error 1
gmake[1]: *** [CMakeFiles/Makefile2:137: CMakeFiles/safety_node.dir/all] Error 2
gmake: *** [Makefile:146: all] Error 2
