-- Found ament_cmake: 1.3.11 (/opt/ros/humble/share/ament_cmake/cmake)
-- Found rclcpp: 16.0.11 (/opt/ros/humble/share/rclcpp/cmake)
-- Found rosidl_generator_c: 3.1.6 (/opt/ros/humble/share/rosidl_generator_c/cmake)
-- Found rosidl_adapter: 3.1.6 (/opt/ros/humble/share/rosidl_adapter/cmake)
-- Found rosidl_generator_cpp: 3.1.6 (/opt/ros/humble/share/rosidl_generator_cpp/cmake)
-- Using all available rosidl_typesupport_c: rosidl_typesupport_fastrtps_c;rosidl_typesupport_introspection_c
-- Using all available rosidl_typesupport_cpp: rosidl_typesupport_fastrtps_cpp;rosidl_typesupport_introspection_cpp
-- Found rmw_implementation_cmake: 6.1.2 (/opt/ros/humble/share/rmw_implementation_cmake/cmake)
-- Found rmw_fastrtps_cpp: 6.2.7 (/opt/ros/humble/share/rmw_fastrtps_cpp/cmake)
-- Using RMW implementation 'rmw_fastrtps_cpp' as default
-- Found sensor_msgs: 4.2.4 (/opt/ros/humble/share/sensor_msgs/cmake)
-- Found nav_msgs: 4.2.4 (/opt/ros/humble/share/nav_msgs/cmake)
-- Found ackermann_msgs: 2.0.2 (/opt/ros/humble/share/ackermann_msgs/cmake)
-- Configuring done
-- Generating done
-- Build files have been written to: /home/akhilsankar/workspace/f110/labs/lab2/aeb_ws/build/aeb
[35m[1mConsolidate compiler generated dependencies of target safety_node[0m
[ 50%] [32mBuilding CXX object CMakeFiles/safety_node.dir/src/safety_node.cpp.o[0m
In file included from [01m[K/opt/ros/humble/include/rclcpp/rclcpp/client.hpp:40[m[K,
                 from [01m[K/opt/ros/humble/include/rclcpp/rclcpp/callback_group.hpp:24[m[K,
                 from [01m[K/opt/ros/humble/include/rclcpp/rclcpp/any_executable.hpp:20[m[K,
                 from [01m[K/opt/ros/humble/include/rclcpp/rclcpp/memory_strategy.hpp:25[m[K,
                 from [01m[K/opt/ros/humble/include/rclcpp/rclcpp/memory_strategies.hpp:18[m[K,
                 from [01m[K/opt/ros/humble/include/rclcpp/rclcpp/executor_options.hpp:20[m[K,
                 from [01m[K/opt/ros/humble/include/rclcpp/rclcpp/executor.hpp:37[m[K,
                 from [01m[K/opt/ros/humble/include/rclcpp/rclcpp/executors/multi_threaded_executor.hpp:25[m[K,
                 from [01m[K/opt/ros/humble/include/rclcpp/rclcpp/executors.hpp:21[m[K,
                 from [01m[K/opt/ros/humble/include/rclcpp/rclcpp/rclcpp.hpp:155[m[K,
                 from [01m[K/home/akhilsankar/workspace/f110/labs/lab2/aeb_ws/src/aeb/include/aeb/safety_node.hpp:4[m[K,
                 from [01m[K/home/akhilsankar/workspace/f110/labs/lab2/aeb_ws/src/aeb/src/safety_node.cpp:1[m[K:
[01m[K/home/akhilsankar/workspace/f110/labs/lab2/aeb_ws/src/aeb/src/safety_node.cpp:[m[K In function â€˜[01m[Kvoid aeb::trigger_aeb()[m[Kâ€™:
[01m[K/home/akhilsankar/workspace/f110/labs/lab2/aeb_ws/src/aeb/src/safety_node.cpp:30:29:[m[K [01;31m[Kerror: [m[Kinvalid use of â€˜[01m[Kthis[m[Kâ€™ in non-member function
   30 |                 RCLCPP_INFO([01;31m[Kthis[m[K->get_logger(), "AEB::CriticalThresholdDetected : trigger brake");
      |                             [01;31m[K^~~~[m[K
[01m[K/home/akhilsankar/workspace/f110/labs/lab2/aeb_ws/src/aeb/src/safety_node.cpp:30:29:[m[K [01;31m[Kerror: [m[Kinvalid use of â€˜[01m[Kthis[m[Kâ€™ in non-member function
[01m[K/home/akhilsankar/workspace/f110/labs/lab2/aeb_ws/src/aeb/src/safety_node.cpp:30:17:[m[K [01;31m[Kerror: [m[Ktemplate argument 1 is invalid
   30 |                 [01;31m[KRCLCPP_INFO[m[K(this->get_logger(), "AEB::CriticalThresholdDetected : trigger brake");
      |                 [01;31m[K^~~~~~~~~~~[m[K
[01m[K/home/akhilsankar/workspace/f110/labs/lab2/aeb_ws/src/aeb/src/safety_node.cpp:30:17:[m[K [01;31m[Kerror: [m[Ktemplate argument 1 is invalid
   30 |                 [01;31m[KRCLCPP_INFO[m[K(this->get_logger(), "AEB::CriticalThresholdDetected : trigger brake");
      |                 [01;31m[K^~~~~~~~~~~[m[K
[01m[K/home/akhilsankar/workspace/f110/labs/lab2/aeb_ws/src/aeb/src/safety_node.cpp:30:17:[m[K [01;31m[Kerror: [m[Ktemplate argument 1 is invalid
   30 |                 [01;31m[KRCLCPP_INFO[m[K(this->get_logger(), "AEB::CriticalThresholdDetected : trigger brake");
      |                 [01;31m[K^~~~~~~~~~~[m[K
In file included from [01m[K/opt/ros/humble/include/rclcpp/rclcpp/logging.hpp:24[m[K,
                 from [01m[K/opt/ros/humble/include/rclcpp/rclcpp/client.hpp:40[m[K,
                 from [01m[K/opt/ros/humble/include/rclcpp/rclcpp/callback_group.hpp:24[m[K,
                 from [01m[K/opt/ros/humble/include/rclcpp/rclcpp/any_executable.hpp:20[m[K,
                 from [01m[K/opt/ros/humble/include/rclcpp/rclcpp/memory_strategy.hpp:25[m[K,
                 from [01m[K/opt/ros/humble/include/rclcpp/rclcpp/memory_strategies.hpp:18[m[K,
                 from [01m[K/opt/ros/humble/include/rclcpp/rclcpp/executor_options.hpp:20[m[K,
                 from [01m[K/opt/ros/humble/include/rclcpp/rclcpp/executor.hpp:37[m[K,
                 from [01m[K/opt/ros/humble/include/rclcpp/rclcpp/executors/multi_threaded_executor.hpp:25[m[K,
                 from [01m[K/opt/ros/humble/include/rclcpp/rclcpp/executors.hpp:21[m[K,
                 from [01m[K/opt/ros/humble/include/rclcpp/rclcpp/rclcpp.hpp:155[m[K,
                 from [01m[K/home/akhilsankar/workspace/f110/labs/lab2/aeb_ws/src/aeb/include/aeb/safety_node.hpp:4[m[K,
                 from [01m[K/home/akhilsankar/workspace/f110/labs/lab2/aeb_ws/src/aeb/src/safety_node.cpp:1[m[K:
[01m[K/home/akhilsankar/workspace/f110/labs/lab2/aeb_ws/src/aeb/src/safety_node.cpp:30:29:[m[K [01;31m[Kerror: [m[Kinvalid use of â€˜[01m[Kthis[m[Kâ€™ in non-member function
   30 |                 RCLCPP_INFO([01;31m[Kthis[m[K->get_logger(), "AEB::CriticalThresholdDetected : trigger brake");
      |                             [01;31m[K^~~~[m[K
[01m[K/home/akhilsankar/workspace/f110/labs/lab2/aeb_ws/src/aeb/src/safety_node.cpp:30:29:[m[K [01;31m[Kerror: [m[Kinvalid use of â€˜[01m[Kthis[m[Kâ€™ in non-member function
   30 |                 RCLCPP_INFO([01;31m[Kthis[m[K->get_logger(), "AEB::CriticalThresholdDetected : trigger brake");
      |                             [01;31m[K^~~~[m[K
gmake[2]: *** [CMakeFiles/safety_node.dir/build.make:76: CMakeFiles/safety_node.dir/src/safety_node.cpp.o] Error 1
gmake[1]: *** [CMakeFiles/Makefile2:137: CMakeFiles/safety_node.dir/all] Error 2
gmake: *** [Makefile:146: all] Error 2
