[01m[K/home/akhilsankar/workspace/f110/labs/lab2/aeb_ws/src/aeb/src/safety_node.cpp:13:25:[m[K [01;35m[Kwarning: [m[Kmissing terminating " character
   13 |                         [01;35m[K"[m[K/ego_racecar/odom, 10,
      |                         [01;35m[K^[m[K
[01m[K/home/akhilsankar/workspace/f110/labs/lab2/aeb_ws/src/aeb/src/safety_node.cpp:13:25:[m[K [01;31m[Kerror: [m[Kmissing terminating " character
   13 |                         [01;31m[K"/ego_racecar/odom, 10,[m[K
      |                         [01;31m[K^~~~~~~~~~~~~~~~~~~~~~~[m[K
[01m[K/home/akhilsankar/workspace/f110/labs/lab2/aeb_ws/src/aeb/src/safety_node.cpp:[m[K In constructor â€˜[01m[Kaeb::SafetyNode::SafetyNode()[m[Kâ€™:
[01m[K/home/akhilsankar/workspace/f110/labs/lab2/aeb_ws/src/aeb/src/safety_node.cpp:12:17:[m[K [01;31m[Kerror: [m[Kâ€˜[01m[Kodom_subscription_[m[Kâ€™ was not declared in this scope; did you mean â€˜[01m[Kscan_subscription_[m[Kâ€™?
   12 |                 [01;31m[Kodom_subscription_[m[K = this->create_subscription<nav_msgs::msg::Odometry>(
      |                 [01;31m[K^~~~~~~~~~~~~~~~~~[m[K
      |                 [32m[Kscan_subscription_[m[K
[01m[K/home/akhilsankar/workspace/f110/labs/lab2/aeb_ws/src/aeb/src/safety_node.cpp:12:64:[m[K [01;31m[Kerror: [m[Kâ€˜[01m[Knav_msgs[m[Kâ€™ was not declared in this scope
   12 |                 odom_subscription_ = this->create_subscription<[01;31m[Knav_msgs[m[K::msg::Odometry>(
      |                                                                [01;31m[K^~~~~~~~[m[K
[01m[K/home/akhilsankar/workspace/f110/labs/lab2/aeb_ws/src/aeb/src/safety_node.cpp:12:44:[m[K [01;31m[Kerror: [m[Kparse error in template argument list
   12 |                 odom_subscription_ = this->[01;31m[Kcreate_subscription<nav_msgs::msg::Odometry>[m[K(
      |                                            [01;31m[K^~~~~~~~~~~~~~~~~~~~~~~~~~~~~~~~~~~~~~~~~~~~[m[K
[01m[K/home/akhilsankar/workspace/f110/labs/lab2/aeb_ws/src/aeb/src/safety_node.cpp:14:48:[m[K [01;31m[Kerror: [m[Kâ€˜[01m[Kingest_odom[m[Kâ€™ is not a member of â€˜[01m[Kaeb::SafetyNode[m[Kâ€™
   14 |                         std::bind(&SafetyNode::[01;31m[Kingest_odom[m[K, this, _1)
      |                                                [01;31m[K^~~~~~~~~~~[m[K
[01m[K/home/akhilsankar/workspace/f110/labs/lab2/aeb_ws/src/aeb/src/safety_node.cpp:[m[K At global scope:
[01m[K/home/akhilsankar/workspace/f110/labs/lab2/aeb_ws/src/aeb/src/safety_node.cpp:22:44:[m[K [01;31m[Kerror: [m[Kâ€˜[01m[Knav_msgs[m[Kâ€™ does not name a type
   22 |         void SafetyNode::ingest_odom(const [01;31m[Knav_msgs[m[K::msg::Odometry::SharedPtr msg) {
      |                                            [01;31m[K^~~~~~~~[m[K
[01m[K/home/akhilsankar/workspace/f110/labs/lab2/aeb_ws/src/aeb/src/safety_node.cpp:22:57:[m[K [01;31m[Kerror: [m[Kexpected unqualified-id before â€˜[01m[K::[m[Kâ€™ token
   22 |         void SafetyNode::ingest_odom(const nav_msgs::msg[01;31m[K::[m[KOdometry::SharedPtr msg) {
      |                                                         [01;31m[K^~[m[K
[01m[K/home/akhilsankar/workspace/f110/labs/lab2/aeb_ws/src/aeb/src/safety_node.cpp:22:57:[m[K [01;31m[Kerror: [m[Kexpected â€˜[01m[K)[m[Kâ€™ before â€˜[01m[K::[m[Kâ€™ token
   22 |         void SafetyNode::ingest_odom[34m[K([m[Kconst nav_msgs::msg[01;31m[K:[m[K[32m[K:[m[KOdometry::SharedPtr msg) {
      |                                     [34m[K~[m[K                   [01;31m[K^[m[K[32m[K~[m[K
      |                                                         [32m[K)[m[K
[01m[K/home/akhilsankar/workspace/f110/labs/lab2/aeb_ws/src/aeb/src/safety_node.cpp:22:57:[m[K [01;31m[Kerror: [m[Kexpected initializer before â€˜[01m[K::[m[Kâ€™ token
   22 |         void SafetyNode::ingest_odom(const nav_msgs::msg[01;31m[K::[m[KOdometry::SharedPtr msg) {
      |                                                         [01;31m[K^~[m[K
gmake[2]: *** [CMakeFiles/safety_node.dir/build.make:76: CMakeFiles/safety_node.dir/src/safety_node.cpp.o] Error 1
gmake[1]: *** [CMakeFiles/Makefile2:137: CMakeFiles/safety_node.dir/all] Error 2
gmake: *** [Makefile:146: all] Error 2
