[0.006s] Invoking command in '/home/akhilsankar/workspace/f110/labs/lab2/aeb_ws/build/aeb': CMAKE_PREFIX_PATH=${CMAKE_PREFIX_PATH}:/opt/ros/humble /usr/bin/cmake --build /home/akhilsankar/workspace/f110/labs/lab2/aeb_ws/build/aeb -- -j6 -l6
[0.026s] [35m[1mConsolidate compiler generated dependencies of target safety_node[0m
[0.031s] [ 50%] [32mBuilding CXX object CMakeFiles/safety_node.dir/src/safety_node.cpp.o[0m
[1.568s] In file included from [01m[K/home/akhilsankar/workspace/f110/labs/lab2/aeb_ws/src/aeb/src/safety_node.cpp:1[m[K:
[1.568s] [01m[K/home/akhilsankar/workspace/f110/labs/lab2/aeb_ws/src/aeb/include/aeb/safety_node.hpp:30:2:[m[K [01;31m[Kerror: [m[Kexpected â€˜[01m[K;[m[Kâ€™ after class definition
[1.568s]    30 | }
[1.568s]       |  [01;31m[K^[m[K
[1.568s]       |  [32m[K;[m[K
[1.579s] [01m[K/home/akhilsankar/workspace/f110/labs/lab2/aeb_ws/src/aeb/src/safety_node.cpp:[m[K In member function â€˜[01m[Kvoid aeb::SafetyNode::ingest_odom(nav_msgs::msg::Odometry_<std::allocator<void> >::SharedPtr)[m[Kâ€™:
[1.579s] [01m[K/home/akhilsankar/workspace/f110/labs/lab2/aeb_ws/src/aeb/src/safety_node.cpp:41:24:[m[K [01;35m[Kwarning: [m[Kunused variable â€˜[01m[Kheading_[m[Kâ€™ [[01;35m[K]8;;https://gcc.gnu.org/onlinedocs/gcc/Warning-Options.html#index-Wunused-variable-Wunused-variable]8;;[m[K]
[1.579s]    41 |                 double [01;35m[Kheading_[m[K = convert_to_yaw(msg);
[1.579s]       |                        [01;35m[K^~~~~~~~[m[K
[3.516s] gmake[2]: *** [CMakeFiles/safety_node.dir/build.make:76: CMakeFiles/safety_node.dir/src/safety_node.cpp.o] Error 1
[3.516s] gmake[1]: *** [CMakeFiles/Makefile2:137: CMakeFiles/safety_node.dir/all] Error 2
[3.516s] gmake: *** [Makefile:146: all] Error 2
[3.517s] Invoked command in '/home/akhilsankar/workspace/f110/labs/lab2/aeb_ws/build/aeb' returned '2': CMAKE_PREFIX_PATH=${CMAKE_PREFIX_PATH}:/opt/ros/humble /usr/bin/cmake --build /home/akhilsankar/workspace/f110/labs/lab2/aeb_ws/build/aeb -- -j6 -l6
